Base path: /Applications/Unity/Hub/Editor/2018.3.14f1/Unity.app/Contents
Cmd: initializeCompiler
Cmd: compileComputeKernel
  api=14 insize=13661 outsize=102249 ok=1
Cmd: compileComputeKernel
  api=14 insize=13661 outsize=45057 ok=1
Cmd: compileComputeKernel
  api=14 insize=13661 outsize=52405 ok=1
Cmd: compileComputeKernel
  api=14 insize=13661 outsize=42489 ok=1
Cmd: compileComputeKernel
  api=14 insize=13661 outsize=82905 ok=1
Cmd: compileComputeKernel
  api=14 insize=13661 outsize=56305 ok=1
Cmd: compileComputeKernel
  api=14 insize=13661 outsize=53761 ok=1
Cmd: compileComputeKernel
  api=14 insize=13661 outsize=102565 ok=1
Cmd: compileComputeKernel
  api=14 insize=13661 outsize=49553 ok=1
Cmd: compileComputeKernel
  api=14 insize=13661 outsize=44017 ok=1
Cmd: compileComputeKernel
  api=14 insize=13661 outsize=49001 ok=1
Cmd: compileComputeKernel
  api=14 insize=13661 outsize=44677 ok=1
Cmd: compileComputeKernel
  api=14 insize=13661 outsize=82377 ok=1
Cmd: translateComputeKernel
  api=14 insize=112669 outsize=252197 ok=1
Cmd: translateComputeKernel
  api=14 insize=42973 outsize=79717 ok=1
Cmd: translateComputeKernel
  api=14 insize=83313 outsize=180917 ok=1
Cmd: translateComputeKernel
  api=14 insize=81497 outsize=171933 ok=1
Cmd: translateComputeKernel
  api=14 insize=47533 outsize=92521 ok=1
Cmd: translateComputeKernel
  api=14 insize=54785 outsize=109201 ok=1
Cmd: translateComputeKernel
  api=14 insize=61617 outsize=124733 ok=1
Cmd: translateComputeKernel
  api=14 insize=50389 outsize=97857 ok=1
Cmd: translateComputeKernel
  api=14 insize=56249 outsize=110789 ok=1
Cmd: translateComputeKernel
  api=14 insize=75773 outsize=158717 ok=1
Cmd: translateComputeKernel
  api=14 insize=49929 outsize=97217 ok=1
Cmd: translateComputeKernel
  api=14 insize=57169 outsize=113933 ok=1
Cmd: compileComputeKernel
  api=14 insize=26681 outsize=17433 ok=1
Cmd: compileComputeKernel
  api=14 insize=26681 outsize=17617 ok=1
Cmd: compileComputeKernel
  api=14 insize=26681 outsize=749 ok=1
Cmd: translateComputeKernel
  api=14 insize=17661 outsize=34325 ok=1
Cmd: translateComputeKernel
  api=14 insize=17661 outsize=34409 ok=1
Cmd: translateComputeKernel
  api=14 insize=1321 outsize=693 ok=1
Cmd: compileComputeKernel
  api=14 insize=2134 outsize=789 ok=1
Cmd: translateComputeKernel
  api=14 insize=841 outsize=785 ok=1
Cmd: translateComputeKernel
  api=14 insize=1357 outsize=1453 ok=1
Cmd: translateComputeKernel
  api=14 insize=48553 outsize=85569 ok=1
Cmd: compileComputeKernel
  api=14 insize=11176 outsize=11297 ok=1
Cmd: translateComputeKernel
  api=14 insize=10553 outsize=18425 ok=1
Cmd: compileComputeKernel
  api=14 insize=8005 outsize=12809 ok=1
Cmd: translateComputeKernel
  api=14 insize=12905 outsize=10677 ok=1
Cmd: compileComputeKernel
  api=14 insize=5022 outsize=7289 ok=1
Cmd: translateComputeKernel
  api=14 insize=7289 outsize=11297 ok=1
Cmd: compileComputeKernel
  api=14 insize=6353 outsize=1889 ok=1
Cmd: compileComputeKernel
  api=14 insize=1769 outsize=2673 ok=1
Cmd: translateComputeKernel
  api=14 insize=2673 outsize=4525 ok=1
Cmd: translateComputeKernel
  api=14 insize=12037 outsize=24565 ok=1
Cmd: compileComputeKernel
  api=14 insize=18731 outsize=9721 ok=1
Cmd: compileComputeKernel
  api=14 insize=18731 outsize=11321 ok=1
Cmd: translateComputeKernel
  api=14 insize=9637 outsize=16465 ok=1
Cmd: translateComputeKernel
  api=14 insize=9405 outsize=16213 ok=1
Cmd: translateComputeKernel
  api=14 insize=11489 outsize=25117 ok=1
Cmd: compileComputeKernel
  api=14 insize=19063 outsize=16557 ok=1
Cmd: compileComputeKernel
  api=14 insize=19063 outsize=17205 ok=1
Cmd: translateComputeKernel
  api=14 insize=17045 outsize=34825 ok=1
Cmd: translateComputeKernel
  api=14 insize=17205 outsize=35197 ok=1
Cmd: translateComputeKernel
  api=14 insize=22297 outsize=50905 ok=1
Cmd: compileComputeKernel
  api=14 insize=2953 outsize=2021 ok=1
Cmd: translateComputeKernel
  api=14 insize=2021 outsize=3173 ok=1
Cmd: compileComputeKernel
  api=14 insize=692 outsize=1093 ok=1
Cmd: translateComputeKernel
  api=14 insize=1093 outsize=1081 ok=1
Cmd: compileComputeKernel
  api=14 insize=20370 outsize=102301 ok=1
Cmd: translateComputeKernel
  api=14 insize=34577 outsize=60757 ok=1
Cmd: compileComputeKernel
  api=14 insize=36517 outsize=58189 ok=1
Cmd: compileComputeKernel
  api=14 insize=36517 outsize=58225 ok=1
Cmd: translateComputeKernel
  api=14 insize=58485 outsize=127549 ok=1
Cmd: compileComputeKernel
  api=14 insize=8350 outsize=2405 ok=1
Cmd: translateComputeKernel
  api=14 insize=3417 outsize=6405 ok=1
Cmd: compileComputeKernel
  api=14 insize=17323 outsize=23861 ok=1
Cmd: translateComputeKernel
  api=14 insize=15469 outsize=17485 ok=1
Cmd: compileComputeKernel
  api=14 insize=14079 outsize=10277 ok=1
Cmd: translateComputeKernel
  api=14 insize=2077 outsize=3273 ok=1
Cmd: compileComputeKernel
  api=14 insize=3506 outsize=8701 ok=1
Cmd: translateComputeKernel
  api=14 insize=8505 outsize=2597 ok=1
Cmd: compileComputeKernel
  api=14 insize=16866 outsize=6089 ok=1
Cmd: compileComputeKernel
  api=14 insize=16866 outsize=7481 ok=1
Cmd: compileComputeKernel
  api=14 insize=16866 outsize=6689 ok=1
Cmd: compileComputeKernel
  api=14 insize=16866 outsize=8081 ok=1
Cmd: compileComputeKernel
  api=14 insize=16866 outsize=8249 ok=1
Cmd: compileComputeKernel
  api=14 insize=16866 outsize=10217 ok=1
Cmd: compileComputeKernel
  api=14 insize=16866 outsize=9333 ok=1
Cmd: compileComputeKernel
  api=14 insize=16866 outsize=10993 ok=1
Cmd: compileComputeKernel
  api=14 insize=16866 outsize=9009 ok=1
Cmd: compileComputeKernel
  api=14 insize=16866 outsize=9221 ok=1
Cmd: compileComputeKernel
  api=14 insize=16866 outsize=9265 ok=1
Cmd: compileComputeKernel
  api=14 insize=16866 outsize=11233 ok=1
Cmd: compileComputeKernel
  api=14 insize=16866 outsize=9821 ok=1
Cmd: compileComputeKernel
  api=14 insize=16866 outsize=11261 ok=1
Cmd: translateComputeKernel
  api=14 insize=6549 outsize=11833 ok=1
Cmd: translateComputeKernel
  api=14 insize=7633 outsize=13989 ok=1
Cmd: translateComputeKernel
  api=14 insize=6033 outsize=10369 ok=1
Cmd: translateComputeKernel
  api=14 insize=7425 outsize=13221 ok=1
Cmd: translateComputeKernel
  api=14 insize=7301 outsize=12901 ok=1
Cmd: translateComputeKernel
  api=14 insize=9269 outsize=16957 ok=1
Cmd: translateComputeKernel
  api=14 insize=10473 outsize=19273 ok=1
Cmd: translateComputeKernel
  api=14 insize=9409 outsize=17773 ok=1
Cmd: translateComputeKernel
  api=14 insize=11069 outsize=20917 ok=1
Cmd: translateComputeKernel
  api=14 insize=8001 outsize=15013 ok=1
Cmd: translateComputeKernel
  api=14 insize=9009 outsize=17053 ok=1
Cmd: translateComputeKernel
  api=14 insize=7869 outsize=14361 ok=1
Cmd: translateComputeKernel
  api=14 insize=8877 outsize=16437 ok=1
Cmd: translateComputeKernel
  api=14 insize=9649 outsize=17817 ok=1
Cmd: translateComputeKernel
  api=14 insize=10285 outsize=19329 ok=1
Cmd: translateComputeKernel
  api=14 insize=11945 outsize=22445 ok=1
Cmd: translateComputeKernel
  api=14 insize=10881 outsize=21257 ok=1
Cmd: translateComputeKernel
  api=14 insize=12541 outsize=24273 ok=1
Cmd: translateComputeKernel
  api=14 insize=5113 outsize=9205 ok=1
Cmd: initializeCompiler
Cmd: initializeCompiler
Cmd: compileComputeKernel
  api=14 insize=1326 outsize=1413 ok=1
Cmd: translateComputeKernel
  api=14 insize=1309 outsize=1341 ok=1
Cmd: compileComputeKernel
  api=14 insize=9814 outsize=3449 ok=1
Cmd: compileComputeKernel
  error: 1 plat 14 at Sort.compute(218): use of potentially uninitialized variable (GetKeyWithCheck)
  api=14 insize=9814 outsize=5073 ok=1
Cmd: compileComputeKernel
  error: 1 plat 14 at Sort.compute(218): use of potentially uninitialized variable (GetKeyWithCheck)
  api=14 insize=9814 outsize=5041 ok=1
Cmd: translateComputeKernel
  api=14 insize=3525 outsize=6477 ok=1
Cmd: translateComputeKernel
  api=14 insize=5073 outsize=9005 ok=1
Cmd: translateComputeKernel
  api=14 insize=2449 outsize=3433 ok=1
Cmd: compileComputeKernel
  api=14 insize=1544 outsize=1337 ok=1
Cmd: translateComputeKernel
  api=14 insize=1337 outsize=1645 ok=1
Cmd: compileComputeKernel
  api=14 insize=1565 outsize=2449 ok=1
Cmd: compileComputeKernel
  api=14 insize=4978 outsize=2877 ok=1
Cmd: translateComputeKernel
  api=14 insize=2877 outsize=4661 ok=1

Quitting shader compiler process
