Base path: /Applications/Unity/Hub/Editor/2018.3.14f1/Unity.app/Contents
Cmd: initializeCompiler
Cmd: compileComputeKernel
  api=14 insize=13661 outsize=110705 ok=1
Cmd: compileComputeKernel
  api=14 insize=13661 outsize=39997 ok=1
Cmd: compileComputeKernel
  api=14 insize=13661 outsize=51801 ok=1
Cmd: compileComputeKernel
  api=14 insize=13661 outsize=59169 ok=1
Cmd: compileComputeKernel
  api=14 insize=13661 outsize=42493 ok=1
Cmd: compileComputeKernel
  api=14 insize=13661 outsize=47353 ok=1
Cmd: compileComputeKernel
  api=14 insize=13661 outsize=43201 ok=1
Cmd: compileComputeKernel
  api=14 insize=13661 outsize=80781 ok=1
Cmd: compileComputeKernel
  api=14 insize=13661 outsize=46697 ok=1
Cmd: compileComputeKernel
  api=14 insize=13661 outsize=41513 ok=1
Cmd: compileComputeKernel
  api=14 insize=13661 outsize=53565 ok=1
Cmd: compileComputeKernel
  api=14 insize=13661 outsize=44053 ok=1
Cmd: compileComputeKernel
  api=14 insize=13661 outsize=60933 ok=1
Cmd: compileComputeKernel
  api=14 insize=13661 outsize=56937 ok=1
Cmd: compileComputeKernel
  api=14 insize=13661 outsize=60937 ok=1
Cmd: compileComputeKernel
  api=14 insize=13661 outsize=55265 ok=1
Cmd: compileComputeKernel
  api=14 insize=13661 outsize=104285 ok=1
Cmd: translateComputeKernel
  api=14 insize=102729 outsize=227661 ok=1
Cmd: translateComputeKernel
  api=14 insize=52157 outsize=101981 ok=1
Cmd: translateComputeKernel
  api=14 insize=53121 outsize=104497 ok=1
Cmd: translateComputeKernel
  api=14 insize=52329 outsize=107429 ok=1
Cmd: translateComputeKernel
  api=14 insize=48713 outsize=93137 ok=1
Cmd: translateComputeKernel
  api=14 insize=43249 outsize=78417 ok=1
Cmd: translateComputeKernel
  api=14 insize=74097 outsize=154273 ok=1
Cmd: translateComputeKernel
  api=14 insize=48261 outsize=92433 ok=1
Cmd: translateComputeKernel
  api=14 insize=55469 outsize=109273 ok=1
Cmd: translateComputeKernel
  api=14 insize=32009 outsize=49973 ok=1
Cmd: translateComputeKernel
  api=14 insize=53661 outsize=105909 ok=1
Cmd: translateComputeKernel
  api=14 insize=72877 outsize=153329 ok=1
Cmd: translateComputeKernel
  api=14 insize=61341 outsize=129337 ok=1
Cmd: translateComputeKernel
  api=14 insize=44773 outsize=82757 ok=1
Cmd: translateComputeKernel
  api=14 insize=57653 outsize=114473 ok=1
Cmd: translateComputeKernel
  api=14 insize=49837 outsize=97213 ok=1
Cmd: translateComputeKernel
  api=14 insize=58617 outsize=117565 ok=1
Cmd: translateComputeKernel
  api=14 insize=44577 outsize=82817 ok=1
Cmd: translateComputeKernel
  api=14 insize=104693 outsize=243257 ok=1
Cmd: compileComputeKernel
  api=14 insize=26681 outsize=17661 ok=1
Cmd: compileComputeKernel
  api=14 insize=26681 outsize=17865 ok=1
Cmd: translateComputeKernel
  api=14 insize=16389 outsize=31941 ok=1
Cmd: translateComputeKernel
  api=14 insize=18109 outsize=35029 ok=1
Cmd: translateComputeKernel
  api=14 insize=18293 outsize=35473 ok=1
Cmd: translateComputeKernel
  api=14 insize=8673 outsize=2965 ok=1
Cmd: compileComputeKernel
  api=14 insize=2863 outsize=48933 ok=1
Cmd: translateComputeKernel
  api=14 insize=48933 outsize=86121 ok=1
Cmd: compileComputeKernel
  api=14 insize=11176 outsize=11453 ok=1
Cmd: translateComputeKernel
  api=14 insize=11453 outsize=22673 ok=1
Cmd: compileComputeKernel
  api=14 insize=5022 outsize=10953 ok=1
Cmd: translateComputeKernel
  api=14 insize=5397 outsize=7573 ok=1
Cmd: compileComputeKernel
  api=14 insize=3532 outsize=3445 ok=1
Cmd: translateComputeKernel
  api=14 insize=3265 outsize=5365 ok=1
Cmd: translateComputeKernel
  api=14 insize=7005 outsize=13553 ok=1
Cmd: compileComputeKernel
  api=14 insize=18731 outsize=9397 ok=1
Cmd: compileComputeKernel
  api=14 insize=18731 outsize=9405 ok=1
Cmd: compileComputeKernel
  api=14 insize=18731 outsize=11797 ok=1
Cmd: translateComputeKernel
  api=14 insize=9397 outsize=16205 ok=1
Cmd: translateComputeKernel
  api=14 insize=11321 outsize=24829 ok=1
Cmd: compileComputeKernel
  api=14 insize=19063 outsize=16417 ok=1
Cmd: compileComputeKernel
  api=14 insize=19063 outsize=17065 ok=1
Cmd: translateComputeKernel
  api=14 insize=16557 outsize=33969 ok=1
Cmd: translateComputeKernel
  api=14 insize=17109 outsize=34829 ok=1
Cmd: translateComputeKernel
  api=14 insize=7001 outsize=13529 ok=1
Cmd: translateComputeKernel
  api=14 insize=22213 outsize=50829 ok=1
Cmd: compileComputeKernel
  api=14 insize=1864 outsize=1145 ok=1
Cmd: compileComputeKernel
  api=14 insize=20370 outsize=102305 ok=1
Cmd: translateComputeKernel
  api=14 insize=34573 outsize=60753 ok=1
Cmd: compileComputeKernel
  api=14 insize=36517 outsize=45097 ok=1
Cmd: compileComputeKernel
  api=14 insize=36517 outsize=45097 ok=1
Cmd: translateComputeKernel
  api=14 insize=60945 outsize=132573 ok=1
Cmd: compileComputeKernel
  api=14 insize=17323 outsize=23825 ok=1
Cmd: translateComputeKernel
  api=14 insize=23877 outsize=38025 ok=1
Cmd: compileComputeKernel
  api=14 insize=1505 outsize=1193 ok=1
Cmd: translateComputeKernel
  api=14 insize=1509 outsize=2273 ok=1
Cmd: translateComputeKernel
  api=14 insize=8765 outsize=3357 ok=1
Cmd: compileComputeKernel
  api=14 insize=16866 outsize=6473 ok=1
Cmd: compileComputeKernel
  api=14 insize=16866 outsize=7557 ok=1
Cmd: compileComputeKernel
  api=14 insize=16866 outsize=7385 ok=1
Cmd: compileComputeKernel
  api=14 insize=16866 outsize=7265 ok=1
Cmd: compileComputeKernel
  api=14 insize=16866 outsize=8777 ok=1
Cmd: compileComputeKernel
  api=14 insize=16866 outsize=10437 ok=1
Cmd: compileComputeKernel
  api=14 insize=16866 outsize=10317 ok=1
Cmd: compileComputeKernel
  api=14 insize=16866 outsize=7541 ok=1
Cmd: compileComputeKernel
  api=14 insize=16866 outsize=8621 ok=1
Cmd: compileComputeKernel
  api=14 insize=16866 outsize=7829 ok=1
Cmd: compileComputeKernel
  api=14 insize=16866 outsize=8837 ok=1
Cmd: compileComputeKernel
  api=14 insize=16866 outsize=8737 ok=1
Cmd: compileComputeKernel
  api=14 insize=16866 outsize=10249 ok=1
Cmd: compileComputeKernel
  api=14 insize=16866 outsize=11909 ok=1
Cmd: compileComputeKernel
  api=14 insize=16866 outsize=11789 ok=1
Cmd: translateComputeKernel
  api=14 insize=5469 outsize=9625 ok=1
Cmd: translateComputeKernel
  api=14 insize=6861 outsize=12477 ok=1
Cmd: translateComputeKernel
  api=14 insize=6417 outsize=11141 ok=1
Cmd: translateComputeKernel
  api=14 insize=8121 outsize=14621 ok=1
Cmd: translateComputeKernel
  api=14 insize=8285 outsize=14941 ok=1
Cmd: translateComputeKernel
  api=14 insize=10253 outsize=18953 ok=1
Cmd: translateComputeKernel
  api=14 insize=8881 outsize=16689 ok=1
Cmd: translateComputeKernel
  api=14 insize=10849 outsize=20705 ok=1
Cmd: translateComputeKernel
  api=14 insize=8313 outsize=15649 ok=1
Cmd: translateComputeKernel
  api=14 insize=7485 outsize=13565 ok=1
Cmd: translateComputeKernel
  api=14 insize=8181 outsize=15001 ok=1
Cmd: translateComputeKernel
  api=14 insize=9261 outsize=17205 ok=1
Cmd: translateComputeKernel
  api=14 insize=9301 outsize=17313 ok=1
Cmd: translateComputeKernel
  api=14 insize=11269 outsize=21329 ok=1
Cmd: translateComputeKernel
  api=14 insize=9897 outsize=19241 ok=1
Cmd: translateComputeKernel
  api=14 insize=11865 outsize=23253 ok=1
Cmd: compileComputeKernel
  api=14 insize=1192 outsize=873 ok=1
Cmd: translateComputeKernel
  api=14 insize=873 outsize=1513 ok=1
Cmd: initializeCompiler
Cmd: initializeCompiler
Cmd: compileComputeKernel
  api=14 insize=1326 outsize=1237 ok=1
Cmd: translateComputeKernel
  api=14 insize=1385 outsize=1537 ok=1
Cmd: compileComputeKernel
  api=14 insize=9814 outsize=4569 ok=1
Cmd: translateComputeKernel
  api=14 insize=4717 outsize=8837 ok=1
Cmd: translateComputeKernel
  api=14 insize=5041 outsize=8689 ok=1
Cmd: translateComputeKernel
  api=14 insize=2545 outsize=4373 ok=1
Cmd: compileComputeKernel
  api=14 insize=5285 outsize=2993 ok=1
Cmd: translateComputeKernel
  api=14 insize=2993 outsize=5053 ok=1
Cmd: compileComputeKernel
  api=14 insize=3535 outsize=2549 ok=1
Cmd: translateComputeKernel
  api=14 insize=2549 outsize=4381 ok=1
Cmd: compileComputeKernel
  api=14 insize=4997 outsize=3301 ok=1
Cmd: compileComputeKernel
  api=14 insize=3535 outsize=2549 ok=1

Quitting shader compiler process
